============================= test session starts ==============================
platform darwin -- Python 3.9.5, pytest-6.2.4, py-1.10.0, pluggy-0.13.1
rootdir: /Users/sungho/Desktop/SPAMS/Implementation/Module3_SystemCore/src
plugins: reportlog-0.1.2
collected 3 items

test_dir/example_test.py ..F                                             [100%]

=================================== FAILURES ===================================
__________________________________ test_fail ___________________________________

    def test_fail():
        e = Example()
        result = e.return_2()
>       assert result == 2
E       assert 1 == 2

test_dir/example_test.py:14: AssertionError
------------- generated report log file: test_dir/test_result.json -------------
=========================== short test summary info ============================
FAILED test_dir/example_test.py::test_fail - assert 1 == 2
========================= 1 failed, 2 passed in 0.05s ==========================
