
        <html>
        <head>
        <meta charset="UTF-8">
        </head>
        <body>
        <h1>자동채점 리포트</h1>
        <p>2021-05-31 17:52:14.891439</p>
        
            <h2>환경</h2>
            <table border="1">
                <tr>
                    <td>플랫폼</td>
                    <td>macOS-11.2.3-x86_64-i386-64bit</td>
                </tr>
                <tr>
                    <td>Python 버전</td>
                    <td>CPython-3.9.5</td>
                </tr>
            
                <tr>
                    <td>PyTest 버전</td>
                    <td>6.2.4</td>
                </tr>
                </table>
            <h2>채점 결과</h2>
            <p>총 3개의 채점 항목 중 <span style="color: green;">통과: 2개, </span><span style="color: red;">실패: 1개, </span><span style="color: orange;">기타: 0개</span></p>
            <table border="1">
                <tr>
                    <th>TC Node ID</th>
                    <th>결과</th>
                    <th>메시지</th>
                    <th>소요시간(초)</th>
                </tr>
                <tr>
            
                <tr>
                    <td style="color: green;">test_dir/example_test.py::test_test</td>
                    <td style="color: green;">passed</td>
                    <td>None</td>
                    <td>0.00014411699999999916</td>
                </tr>
                
                <tr>
                    <td style="color: green;">test_dir/example_test.py::test_success</td>
                    <td style="color: green;">passed</td>
                    <td>None</td>
                    <td>0.0001325349999999892</td>
                </tr>
                
                <tr>
                    <td style="color: red;">test_dir/example_test.py::test_fail</td>
                    <td style="color: red;">failed</td>
                    <td>assert 1 == 2</td>
                    <td>0.0002733369999999846</td>
                </tr>
                
            </table>
            
            <h2>커맨드라인 출력</h2>
            <pre>
============================= test session starts ==============================<br>platform darwin -- Python 3.9.5, pytest-6.2.4, py-1.10.0, pluggy-0.13.1<br>rootdir: /Users/sungho/Desktop/SPAMS/Implementation/Module3_SystemCore/src<br>plugins: reportlog-0.1.2<br>collected 3 items<br><br>test_dir/example_test.py ..F                                             [100%]<br><br>=================================== FAILURES ===================================<br>__________________________________ test_fail ___________________________________<br><br>    def test_fail():<br>        e = Example()<br>        result = e.return_2()<br>>       assert result == 2<br>E       assert 1 == 2<br><br>test_dir/example_test.py:14: AssertionError<br>------------- generated report log file: test_dir/test_result.json -------------<br>=========================== short test summary info ============================<br>FAILED test_dir/example_test.py::test_fail - assert 1 == 2<br>========================= 1 failed, 2 passed in 0.05s ==========================<br>
            </pre>
            
        </body>
        </html>
        